[2021-02-19 17:43:31.781] [exthost] [info] extension host started
[2021-02-19 17:43:31.845] [exthost] [info] ExtensionService#_doActivateExtension vscode.microsoft-authentication {"startup":false,"extensionId":{"value":"vscode.microsoft-authentication","_lower":"vscode.microsoft-authentication"},"activationEvent":"onAuthenticationRequest:microsoft"}
[2021-02-19 17:43:31.845] [exthost] [info] ExtensionService#loadCommonJSModule file:///snap/code/55/usr/share/code/resources/app/extensions/microsoft-authentication/dist/extension.js
[2021-02-19 17:43:31.971] [exthost] [info] ExtensionService#_doActivateExtension vscode.typescript-language-features {"startup":false,"extensionId":{"value":"vscode.typescript-language-features","_lower":"vscode.typescript-language-features"},"activationEvent":"onLanguage:javascript"}
[2021-02-19 17:43:31.972] [exthost] [info] ExtensionService#loadCommonJSModule file:///snap/code/55/usr/share/code/resources/app/extensions/typescript-language-features/dist/extension
[2021-02-19 17:43:32.373] [exthost] [info] ExtensionService#_doActivateExtension vscode.debug-auto-launch {"startup":true,"extensionId":{"value":"vscode.debug-auto-launch","_lower":"vscode.debug-auto-launch"},"activationEvent":"*"}
[2021-02-19 17:43:32.373] [exthost] [info] ExtensionService#loadCommonJSModule file:///snap/code/55/usr/share/code/resources/app/extensions/debug-auto-launch/dist/extension
[2021-02-19 17:43:32.422] [exthost] [info] ExtensionService#_doActivateExtension vscode.git {"startup":true,"extensionId":{"value":"vscode.github","_lower":"vscode.github"},"activationEvent":"*"}
[2021-02-19 17:43:32.422] [exthost] [info] ExtensionService#loadCommonJSModule file:///snap/code/55/usr/share/code/resources/app/extensions/git/dist/main
[2021-02-19 17:43:32.486] [exthost] [info] ExtensionService#_doActivateExtension vscode.npm {"startup":true,"extensionId":{"value":"vscode.npm","_lower":"vscode.npm"},"activationEvent":"workspaceContains:package.json"}
[2021-02-19 17:43:32.486] [exthost] [info] ExtensionService#loadCommonJSModule file:///snap/code/55/usr/share/code/resources/app/extensions/npm/dist/npmMain
[2021-02-19 17:43:32.844] [exthost] [info] ExtensionService#_doActivateExtension ms-vscode.js-debug {"startup":false,"extensionId":{"value":"ms-vscode.js-debug","_lower":"ms-vscode.js-debug"},"activationEvent":"onCommand:extension.js-debug.clearAutoAttachVariables"}
[2021-02-19 17:43:32.844] [exthost] [info] ExtensionService#loadCommonJSModule file:///snap/code/55/usr/share/code/resources/app/extensions/ms-vscode.js-debug/src/extension.js
[2021-02-19 17:43:33.883] [exthost] [info] ExtensionService#_doActivateExtension vscode.github {"startup":true,"extensionId":{"value":"vscode.github","_lower":"vscode.github"},"activationEvent":"*"}
[2021-02-19 17:43:33.883] [exthost] [info] ExtensionService#loadCommonJSModule file:///snap/code/55/usr/share/code/resources/app/extensions/github/dist/extension.js
[2021-02-19 17:43:33.935] [exthost] [info] eager extensions activated
[2021-02-19 17:43:33.940] [exthost] [info] ExtensionService#_doActivateExtension vscode.emmet {"startup":false,"extensionId":{"value":"vscode.emmet","_lower":"vscode.emmet"},"activationEvent":"onStartupFinished"}
[2021-02-19 17:43:33.940] [exthost] [info] ExtensionService#loadCommonJSModule file:///snap/code/55/usr/share/code/resources/app/extensions/emmet/dist/node/emmetNodeMain
[2021-02-19 17:43:34.213] [exthost] [info] ExtensionService#_doActivateExtension vscode.merge-conflict {"startup":false,"extensionId":{"value":"vscode.merge-conflict","_lower":"vscode.merge-conflict"},"activationEvent":"onStartupFinished"}
[2021-02-19 17:43:34.213] [exthost] [info] ExtensionService#loadCommonJSModule file:///snap/code/55/usr/share/code/resources/app/extensions/merge-conflict/dist/mergeConflictMain
[2021-02-19 17:43:34.264] [exthost] [info] ExtensionService#_doActivateExtension vscode.testing-editor-contributions {"startup":false,"extensionId":{"value":"vscode.testing-editor-contributions","_lower":"vscode.testing-editor-contributions"},"activationEvent":"onStartupFinished"}
[2021-02-19 17:43:34.264] [exthost] [info] ExtensionService#loadCommonJSModule file:///snap/code/55/usr/share/code/resources/app/extensions/testing-editor-contributions/dist/extension.js
[2021-02-19 17:43:34.294] [exthost] [info] ExtensionService#_doActivateExtension vscode.github-authentication {"startup":false,"extensionId":{"value":"vscode.github-authentication","_lower":"vscode.github-authentication"},"activationEvent":"onAuthenticationRequest:github"}
[2021-02-19 17:43:34.294] [exthost] [info] ExtensionService#loadCommonJSModule file:///snap/code/55/usr/share/code/resources/app/extensions/github-authentication/dist/extension.js
[2021-02-19 17:44:23.772] [exthost] [info] ExtensionService#_doActivateExtension vscode.extension-editing {"startup":false,"extensionId":{"value":"vscode.extension-editing","_lower":"vscode.extension-editing"},"activationEvent":"onLanguage:typescript"}
[2021-02-19 17:44:23.772] [exthost] [info] ExtensionService#loadCommonJSModule file:///snap/code/55/usr/share/code/resources/app/extensions/extension-editing/dist/extensionEditingMain
[2021-02-19 17:44:50.044] [exthost] [error] [vscode.typescript-language-features] provider FAILED
[2021-02-19 17:44:50.051] [exthost] [error] Error: <semantic> TypeScript Server Error (4.1.5)
Debug Failure. False expression.
Error: Debug Failure. False expression.
    at /snap/code/55/usr/share/code/resources/app/extensions/node_modules/typescript/lib/tsserver.js:128623:34
    at Object.forEach (/snap/code/55/usr/share/code/resources/app/extensions/node_modules/typescript/lib/tsserver.js:188:30)
    at getSymbolKindOfConstructorPropertyMethodAccessorFunctionOrVar (/snap/code/55/usr/share/code/resources/app/extensions/node_modules/typescript/lib/tsserver.js:128617:48)
    at Object.getSymbolKind (/snap/code/55/usr/share/code/resources/app/extensions/node_modules/typescript/lib/tsserver.js:128547:26)
    at createCompletionEntry (/snap/code/55/usr/share/code/resources/app/extensions/node_modules/typescript/lib/tsserver.js:118154:40)
    at getCompletionEntriesFromSymbols (/snap/code/55/usr/share/code/resources/app/extensions/node_modules/typescript/lib/tsserver.js:118201:29)
    at completionInfoFromData (/snap/code/55/usr/share/code/resources/app/extensions/node_modules/typescript/lib/tsserver.js:118025:35)
    at Object.getCompletionsAtPosition (/snap/code/55/usr/share/code/resources/app/extensions/node_modules/typescript/lib/tsserver.js:117983:28)
    at Proxy.getCompletionsAtPosition (/snap/code/55/usr/share/code/resources/app/extensions/node_modules/typescript/lib/tsserver.js:146720:35)
    at IOSession.Session.getCompletions (/snap/code/55/usr/share/code/resources/app/extensions/node_modules/typescript/lib/tsserver.js:157652:64)
    at Session.handlers.ts.Map.ts.getEntries._a.<computed> (/snap/code/55/usr/share/code/resources/app/extensions/node_modules/typescript/lib/tsserver.js:156536:61)
    at /snap/code/55/usr/share/code/resources/app/extensions/node_modules/typescript/lib/tsserver.js:158286:88
    at IOSession.Session.executeWithRequestId (/snap/code/55/usr/share/code/resources/app/extensions/node_modules/typescript/lib/tsserver.js:158277:28)
    at IOSession.Session.executeCommand (/snap/code/55/usr/share/code/resources/app/extensions/node_modules/typescript/lib/tsserver.js:158286:33)
    at IOSession.Session.onMessage (/snap/code/55/usr/share/code/resources/app/extensions/node_modules/typescript/lib/tsserver.js:158310:35)
    at Interface.<anonymous> (/snap/code/55/usr/share/code/resources/app/extensions/node_modules/typescript/lib/tsserver.js:160520:27)
    at Interface.emit (events.js:315:20)
    at Interface._onLine (readline.js:329:10)
    at Interface._normalWrite (readline.js:474:12)
    at Socket.ondata (readline.js:186:10)
    at Socket.emit (events.js:315:20)
    at addChunk (_stream_readable.js:295:12)
    at readableAddChunk (_stream_readable.js:271:9)
    at Socket.Readable.push (_stream_readable.js:212:10)
    at Pipe.onStreamRead (internal/stream_base_commons.js:186:23)
	at Function.create (/snap/code/55/usr/share/code/resources/app/extensions/typescript-language-features/dist/extension.js:1:73508)
	at dispatchResponse (/snap/code/55/usr/share/code/resources/app/extensions/typescript-language-features/dist/extension.js:1:67383)
	at dispatchMessage (/snap/code/55/usr/share/code/resources/app/extensions/typescript-language-features/dist/extension.js:1:66242)
	at /snap/code/55/usr/share/code/resources/app/extensions/typescript-language-features/dist/extension.js:1:65752
	at v.fire (/snap/code/55/usr/share/code/resources/app/out/vs/workbench/services/extensions/node/extensionHostProcess.js:55:1836)
	at g.onLengthData (/snap/code/55/usr/share/code/resources/app/extensions/typescript-language-features/dist/extension.js:45:60030)
	at Socket.<anonymous> (/snap/code/55/usr/share/code/resources/app/extensions/typescript-language-features/dist/extension.js:45:59678)
	at Socket.emit (events.js:315:20)
	at addChunk (_stream_readable.js:295:12)
	at readableAddChunk (_stream_readable.js:271:9)
	at Socket.Readable.push (_stream_readable.js:212:10)
	at Pipe.onStreamRead (internal/stream_base_commons.js:186:23)
[2021-02-19 18:32:08.309] [exthost] [error] [vscode.typescript-language-features] provider FAILED
[2021-02-19 18:32:08.309] [exthost] [error] Error: <semantic> TypeScript Server Error (4.1.5)
Debug Failure. False expression.
Error: Debug Failure. False expression.
    at /snap/code/55/usr/share/code/resources/app/extensions/node_modules/typescript/lib/tsserver.js:128623:34
    at Object.forEach (/snap/code/55/usr/share/code/resources/app/extensions/node_modules/typescript/lib/tsserver.js:188:30)
    at getSymbolKindOfConstructorPropertyMethodAccessorFunctionOrVar (/snap/code/55/usr/share/code/resources/app/extensions/node_modules/typescript/lib/tsserver.js:128617:48)
    at Object.getSymbolKind (/snap/code/55/usr/share/code/resources/app/extensions/node_modules/typescript/lib/tsserver.js:128547:26)
    at createCompletionEntry (/snap/code/55/usr/share/code/resources/app/extensions/node_modules/typescript/lib/tsserver.js:118154:40)
    at getCompletionEntriesFromSymbols (/snap/code/55/usr/share/code/resources/app/extensions/node_modules/typescript/lib/tsserver.js:118201:29)
    at completionInfoFromData (/snap/code/55/usr/share/code/resources/app/extensions/node_modules/typescript/lib/tsserver.js:118025:35)
    at Object.getCompletionsAtPosition (/snap/code/55/usr/share/code/resources/app/extensions/node_modules/typescript/lib/tsserver.js:117983:28)
    at Proxy.getCompletionsAtPosition (/snap/code/55/usr/share/code/resources/app/extensions/node_modules/typescript/lib/tsserver.js:146720:35)
    at IOSession.Session.getCompletions (/snap/code/55/usr/share/code/resources/app/extensions/node_modules/typescript/lib/tsserver.js:157652:64)
    at Session.handlers.ts.Map.ts.getEntries._a.<computed> (/snap/code/55/usr/share/code/resources/app/extensions/node_modules/typescript/lib/tsserver.js:156536:61)
    at /snap/code/55/usr/share/code/resources/app/extensions/node_modules/typescript/lib/tsserver.js:158286:88
    at IOSession.Session.executeWithRequestId (/snap/code/55/usr/share/code/resources/app/extensions/node_modules/typescript/lib/tsserver.js:158277:28)
    at IOSession.Session.executeCommand (/snap/code/55/usr/share/code/resources/app/extensions/node_modules/typescript/lib/tsserver.js:158286:33)
    at IOSession.Session.onMessage (/snap/code/55/usr/share/code/resources/app/extensions/node_modules/typescript/lib/tsserver.js:158310:35)
    at Interface.<anonymous> (/snap/code/55/usr/share/code/resources/app/extensions/node_modules/typescript/lib/tsserver.js:160520:27)
    at Interface.emit (events.js:315:20)
    at Interface._onLine (readline.js:329:10)
    at Interface._normalWrite (readline.js:474:12)
    at Socket.ondata (readline.js:186:10)
    at Socket.emit (events.js:315:20)
    at addChunk (_stream_readable.js:295:12)
    at readableAddChunk (_stream_readable.js:271:9)
    at Socket.Readable.push (_stream_readable.js:212:10)
    at Pipe.onStreamRead (internal/stream_base_commons.js:186:23)
	at Function.create (/snap/code/55/usr/share/code/resources/app/extensions/typescript-language-features/dist/extension.js:1:73508)
	at dispatchResponse (/snap/code/55/usr/share/code/resources/app/extensions/typescript-language-features/dist/extension.js:1:67383)
	at dispatchMessage (/snap/code/55/usr/share/code/resources/app/extensions/typescript-language-features/dist/extension.js:1:66242)
	at /snap/code/55/usr/share/code/resources/app/extensions/typescript-language-features/dist/extension.js:1:65752
	at v.fire (/snap/code/55/usr/share/code/resources/app/out/vs/workbench/services/extensions/node/extensionHostProcess.js:55:1836)
	at g.onLengthData (/snap/code/55/usr/share/code/resources/app/extensions/typescript-language-features/dist/extension.js:45:60030)
	at Socket.<anonymous> (/snap/code/55/usr/share/code/resources/app/extensions/typescript-language-features/dist/extension.js:45:59678)
	at Socket.emit (events.js:315:20)
	at addChunk (_stream_readable.js:295:12)
	at readableAddChunk (_stream_readable.js:271:9)
	at Socket.Readable.push (_stream_readable.js:212:10)
	at Pipe.onStreamRead (internal/stream_base_commons.js:186:23)
[2021-02-19 18:45:48.952] [exthost] [error] [vscode.typescript-language-features] provider FAILED
[2021-02-19 18:45:48.956] [exthost] [error] Error: <semantic> TypeScript Server Error (4.1.5)
Debug Failure. False expression.
Error: Debug Failure. False expression.
    at /snap/code/55/usr/share/code/resources/app/extensions/node_modules/typescript/lib/tsserver.js:128623:34
    at Object.forEach (/snap/code/55/usr/share/code/resources/app/extensions/node_modules/typescript/lib/tsserver.js:188:30)
    at getSymbolKindOfConstructorPropertyMethodAccessorFunctionOrVar (/snap/code/55/usr/share/code/resources/app/extensions/node_modules/typescript/lib/tsserver.js:128617:48)
    at Object.getSymbolKind (/snap/code/55/usr/share/code/resources/app/extensions/node_modules/typescript/lib/tsserver.js:128547:26)
    at createCompletionEntry (/snap/code/55/usr/share/code/resources/app/extensions/node_modules/typescript/lib/tsserver.js:118154:40)
    at getCompletionEntriesFromSymbols (/snap/code/55/usr/share/code/resources/app/extensions/node_modules/typescript/lib/tsserver.js:118201:29)
    at completionInfoFromData (/snap/code/55/usr/share/code/resources/app/extensions/node_modules/typescript/lib/tsserver.js:118025:35)
    at Object.getCompletionsAtPosition (/snap/code/55/usr/share/code/resources/app/extensions/node_modules/typescript/lib/tsserver.js:117983:28)
    at Proxy.getCompletionsAtPosition (/snap/code/55/usr/share/code/resources/app/extensions/node_modules/typescript/lib/tsserver.js:146720:35)
    at IOSession.Session.getCompletions (/snap/code/55/usr/share/code/resources/app/extensions/node_modules/typescript/lib/tsserver.js:157652:64)
    at Session.handlers.ts.Map.ts.getEntries._a.<computed> (/snap/code/55/usr/share/code/resources/app/extensions/node_modules/typescript/lib/tsserver.js:156536:61)
    at /snap/code/55/usr/share/code/resources/app/extensions/node_modules/typescript/lib/tsserver.js:158286:88
    at IOSession.Session.executeWithRequestId (/snap/code/55/usr/share/code/resources/app/extensions/node_modules/typescript/lib/tsserver.js:158277:28)
    at IOSession.Session.executeCommand (/snap/code/55/usr/share/code/resources/app/extensions/node_modules/typescript/lib/tsserver.js:158286:33)
    at IOSession.Session.onMessage (/snap/code/55/usr/share/code/resources/app/extensions/node_modules/typescript/lib/tsserver.js:158310:35)
    at Interface.<anonymous> (/snap/code/55/usr/share/code/resources/app/extensions/node_modules/typescript/lib/tsserver.js:160520:27)
    at Interface.emit (events.js:315:20)
    at Interface._onLine (readline.js:329:10)
    at Interface._normalWrite (readline.js:474:12)
    at Socket.ondata (readline.js:186:10)
    at Socket.emit (events.js:315:20)
    at addChunk (_stream_readable.js:295:12)
    at readableAddChunk (_stream_readable.js:271:9)
    at Socket.Readable.push (_stream_readable.js:212:10)
    at Pipe.onStreamRead (internal/stream_base_commons.js:186:23)
	at Function.create (/snap/code/55/usr/share/code/resources/app/extensions/typescript-language-features/dist/extension.js:1:73508)
	at dispatchResponse (/snap/code/55/usr/share/code/resources/app/extensions/typescript-language-features/dist/extension.js:1:67383)
	at dispatchMessage (/snap/code/55/usr/share/code/resources/app/extensions/typescript-language-features/dist/extension.js:1:66242)
	at /snap/code/55/usr/share/code/resources/app/extensions/typescript-language-features/dist/extension.js:1:65752
	at v.fire (/snap/code/55/usr/share/code/resources/app/out/vs/workbench/services/extensions/node/extensionHostProcess.js:55:1836)
	at g.onLengthData (/snap/code/55/usr/share/code/resources/app/extensions/typescript-language-features/dist/extension.js:45:60030)
	at Socket.<anonymous> (/snap/code/55/usr/share/code/resources/app/extensions/typescript-language-features/dist/extension.js:45:59678)
	at Socket.emit (events.js:315:20)
	at addChunk (_stream_readable.js:295:12)
	at readableAddChunk (_stream_readable.js:271:9)
	at Socket.Readable.push (_stream_readable.js:212:10)
	at Pipe.onStreamRead (internal/stream_base_commons.js:186:23)
[2021-02-19 18:47:38.411] [exthost] [error] [vscode.typescript-language-features] provider FAILED
[2021-02-19 18:47:38.411] [exthost] [error] Error: <semantic> TypeScript Server Error (4.1.5)
Debug Failure. False expression.
Error: Debug Failure. False expression.
    at /snap/code/55/usr/share/code/resources/app/extensions/node_modules/typescript/lib/tsserver.js:128623:34
    at Object.forEach (/snap/code/55/usr/share/code/resources/app/extensions/node_modules/typescript/lib/tsserver.js:188:30)
    at getSymbolKindOfConstructorPropertyMethodAccessorFunctionOrVar (/snap/code/55/usr/share/code/resources/app/extensions/node_modules/typescript/lib/tsserver.js:128617:48)
    at Object.getSymbolKind (/snap/code/55/usr/share/code/resources/app/extensions/node_modules/typescript/lib/tsserver.js:128547:26)
    at createCompletionEntry (/snap/code/55/usr/share/code/resources/app/extensions/node_modules/typescript/lib/tsserver.js:118154:40)
    at getCompletionEntriesFromSymbols (/snap/code/55/usr/share/code/resources/app/extensions/node_modules/typescript/lib/tsserver.js:118201:29)
    at completionInfoFromData (/snap/code/55/usr/share/code/resources/app/extensions/node_modules/typescript/lib/tsserver.js:118025:35)
    at Object.getCompletionsAtPosition (/snap/code/55/usr/share/code/resources/app/extensions/node_modules/typescript/lib/tsserver.js:117983:28)
    at Proxy.getCompletionsAtPosition (/snap/code/55/usr/share/code/resources/app/extensions/node_modules/typescript/lib/tsserver.js:146720:35)
    at IOSession.Session.getCompletions (/snap/code/55/usr/share/code/resources/app/extensions/node_modules/typescript/lib/tsserver.js:157652:64)
    at Session.handlers.ts.Map.ts.getEntries._a.<computed> (/snap/code/55/usr/share/code/resources/app/extensions/node_modules/typescript/lib/tsserver.js:156536:61)
    at /snap/code/55/usr/share/code/resources/app/extensions/node_modules/typescript/lib/tsserver.js:158286:88
    at IOSession.Session.executeWithRequestId (/snap/code/55/usr/share/code/resources/app/extensions/node_modules/typescript/lib/tsserver.js:158277:28)
    at IOSession.Session.executeCommand (/snap/code/55/usr/share/code/resources/app/extensions/node_modules/typescript/lib/tsserver.js:158286:33)
    at IOSession.Session.onMessage (/snap/code/55/usr/share/code/resources/app/extensions/node_modules/typescript/lib/tsserver.js:158310:35)
    at Interface.<anonymous> (/snap/code/55/usr/share/code/resources/app/extensions/node_modules/typescript/lib/tsserver.js:160520:27)
    at Interface.emit (events.js:315:20)
    at Interface._onLine (readline.js:329:10)
    at Interface._normalWrite (readline.js:474:12)
    at Socket.ondata (readline.js:186:10)
    at Socket.emit (events.js:315:20)
    at addChunk (_stream_readable.js:295:12)
    at readableAddChunk (_stream_readable.js:271:9)
    at Socket.Readable.push (_stream_readable.js:212:10)
    at Pipe.onStreamRead (internal/stream_base_commons.js:186:23)
	at Function.create (/snap/code/55/usr/share/code/resources/app/extensions/typescript-language-features/dist/extension.js:1:73508)
	at dispatchResponse (/snap/code/55/usr/share/code/resources/app/extensions/typescript-language-features/dist/extension.js:1:67383)
	at dispatchMessage (/snap/code/55/usr/share/code/resources/app/extensions/typescript-language-features/dist/extension.js:1:66242)
	at /snap/code/55/usr/share/code/resources/app/extensions/typescript-language-features/dist/extension.js:1:65752
	at v.fire (/snap/code/55/usr/share/code/resources/app/out/vs/workbench/services/extensions/node/extensionHostProcess.js:55:1836)
	at g.onLengthData (/snap/code/55/usr/share/code/resources/app/extensions/typescript-language-features/dist/extension.js:45:60030)
	at Socket.<anonymous> (/snap/code/55/usr/share/code/resources/app/extensions/typescript-language-features/dist/extension.js:45:59678)
	at Socket.emit (events.js:315:20)
	at addChunk (_stream_readable.js:295:12)
	at readableAddChunk (_stream_readable.js:271:9)
	at Socket.Readable.push (_stream_readable.js:212:10)
	at Pipe.onStreamRead (internal/stream_base_commons.js:186:23)
[2021-02-19 18:48:01.631] [exthost] [error] [vscode.typescript-language-features] provider FAILED
[2021-02-19 18:48:01.631] [exthost] [error] Error: <semantic> TypeScript Server Error (4.1.5)
Debug Failure. False expression.
Error: Debug Failure. False expression.
    at /snap/code/55/usr/share/code/resources/app/extensions/node_modules/typescript/lib/tsserver.js:128623:34
    at Object.forEach (/snap/code/55/usr/share/code/resources/app/extensions/node_modules/typescript/lib/tsserver.js:188:30)
    at getSymbolKindOfConstructorPropertyMethodAccessorFunctionOrVar (/snap/code/55/usr/share/code/resources/app/extensions/node_modules/typescript/lib/tsserver.js:128617:48)
    at Object.getSymbolKind (/snap/code/55/usr/share/code/resources/app/extensions/node_modules/typescript/lib/tsserver.js:128547:26)
    at createCompletionEntry (/snap/code/55/usr/share/code/resources/app/extensions/node_modules/typescript/lib/tsserver.js:118154:40)
    at getCompletionEntriesFromSymbols (/snap/code/55/usr/share/code/resources/app/extensions/node_modules/typescript/lib/tsserver.js:118201:29)
    at completionInfoFromData (/snap/code/55/usr/share/code/resources/app/extensions/node_modules/typescript/lib/tsserver.js:118025:35)
    at Object.getCompletionsAtPosition (/snap/code/55/usr/share/code/resources/app/extensions/node_modules/typescript/lib/tsserver.js:117983:28)
    at Proxy.getCompletionsAtPosition (/snap/code/55/usr/share/code/resources/app/extensions/node_modules/typescript/lib/tsserver.js:146720:35)
    at IOSession.Session.getCompletions (/snap/code/55/usr/share/code/resources/app/extensions/node_modules/typescript/lib/tsserver.js:157652:64)
    at Session.handlers.ts.Map.ts.getEntries._a.<computed> (/snap/code/55/usr/share/code/resources/app/extensions/node_modules/typescript/lib/tsserver.js:156536:61)
    at /snap/code/55/usr/share/code/resources/app/extensions/node_modules/typescript/lib/tsserver.js:158286:88
    at IOSession.Session.executeWithRequestId (/snap/code/55/usr/share/code/resources/app/extensions/node_modules/typescript/lib/tsserver.js:158277:28)
    at IOSession.Session.executeCommand (/snap/code/55/usr/share/code/resources/app/extensions/node_modules/typescript/lib/tsserver.js:158286:33)
    at IOSession.Session.onMessage (/snap/code/55/usr/share/code/resources/app/extensions/node_modules/typescript/lib/tsserver.js:158310:35)
    at Interface.<anonymous> (/snap/code/55/usr/share/code/resources/app/extensions/node_modules/typescript/lib/tsserver.js:160520:27)
    at Interface.emit (events.js:315:20)
    at Interface._onLine (readline.js:329:10)
    at Interface._normalWrite (readline.js:474:12)
    at Socket.ondata (readline.js:186:10)
    at Socket.emit (events.js:315:20)
    at addChunk (_stream_readable.js:295:12)
    at readableAddChunk (_stream_readable.js:271:9)
    at Socket.Readable.push (_stream_readable.js:212:10)
    at Pipe.onStreamRead (internal/stream_base_commons.js:186:23)
	at Function.create (/snap/code/55/usr/share/code/resources/app/extensions/typescript-language-features/dist/extension.js:1:73508)
	at dispatchResponse (/snap/code/55/usr/share/code/resources/app/extensions/typescript-language-features/dist/extension.js:1:67383)
	at dispatchMessage (/snap/code/55/usr/share/code/resources/app/extensions/typescript-language-features/dist/extension.js:1:66242)
	at /snap/code/55/usr/share/code/resources/app/extensions/typescript-language-features/dist/extension.js:1:65752
	at v.fire (/snap/code/55/usr/share/code/resources/app/out/vs/workbench/services/extensions/node/extensionHostProcess.js:55:1836)
	at g.onLengthData (/snap/code/55/usr/share/code/resources/app/extensions/typescript-language-features/dist/extension.js:45:60030)
	at Socket.<anonymous> (/snap/code/55/usr/share/code/resources/app/extensions/typescript-language-features/dist/extension.js:45:59678)
	at Socket.emit (events.js:315:20)
	at addChunk (_stream_readable.js:295:12)
	at readableAddChunk (_stream_readable.js:271:9)
	at Socket.Readable.push (_stream_readable.js:212:10)
	at Pipe.onStreamRead (internal/stream_base_commons.js:186:23)
[2021-02-19 18:49:44.539] [exthost] [error] [vscode.typescript-language-features] provider FAILED
[2021-02-19 18:49:44.539] [exthost] [error] Error: <semantic> TypeScript Server Error (4.1.5)
Debug Failure. False expression.
Error: Debug Failure. False expression.
    at /snap/code/55/usr/share/code/resources/app/extensions/node_modules/typescript/lib/tsserver.js:128623:34
    at Object.forEach (/snap/code/55/usr/share/code/resources/app/extensions/node_modules/typescript/lib/tsserver.js:188:30)
    at getSymbolKindOfConstructorPropertyMethodAccessorFunctionOrVar (/snap/code/55/usr/share/code/resources/app/extensions/node_modules/typescript/lib/tsserver.js:128617:48)
    at Object.getSymbolKind (/snap/code/55/usr/share/code/resources/app/extensions/node_modules/typescript/lib/tsserver.js:128547:26)
    at createCompletionEntry (/snap/code/55/usr/share/code/resources/app/extensions/node_modules/typescript/lib/tsserver.js:118154:40)
    at getCompletionEntriesFromSymbols (/snap/code/55/usr/share/code/resources/app/extensions/node_modules/typescript/lib/tsserver.js:118201:29)
    at completionInfoFromData (/snap/code/55/usr/share/code/resources/app/extensions/node_modules/typescript/lib/tsserver.js:118025:35)
    at Object.getCompletionsAtPosition (/snap/code/55/usr/share/code/resources/app/extensions/node_modules/typescript/lib/tsserver.js:117983:28)
    at Proxy.getCompletionsAtPosition (/snap/code/55/usr/share/code/resources/app/extensions/node_modules/typescript/lib/tsserver.js:146720:35)
    at IOSession.Session.getCompletions (/snap/code/55/usr/share/code/resources/app/extensions/node_modules/typescript/lib/tsserver.js:157652:64)
    at Session.handlers.ts.Map.ts.getEntries._a.<computed> (/snap/code/55/usr/share/code/resources/app/extensions/node_modules/typescript/lib/tsserver.js:156536:61)
    at /snap/code/55/usr/share/code/resources/app/extensions/node_modules/typescript/lib/tsserver.js:158286:88
    at IOSession.Session.executeWithRequestId (/snap/code/55/usr/share/code/resources/app/extensions/node_modules/typescript/lib/tsserver.js:158277:28)
    at IOSession.Session.executeCommand (/snap/code/55/usr/share/code/resources/app/extensions/node_modules/typescript/lib/tsserver.js:158286:33)
    at IOSession.Session.onMessage (/snap/code/55/usr/share/code/resources/app/extensions/node_modules/typescript/lib/tsserver.js:158310:35)
    at Interface.<anonymous> (/snap/code/55/usr/share/code/resources/app/extensions/node_modules/typescript/lib/tsserver.js:160520:27)
    at Interface.emit (events.js:315:20)
    at Interface._onLine (readline.js:329:10)
    at Interface._normalWrite (readline.js:474:12)
    at Socket.ondata (readline.js:186:10)
    at Socket.emit (events.js:315:20)
    at addChunk (_stream_readable.js:295:12)
    at readableAddChunk (_stream_readable.js:271:9)
    at Socket.Readable.push (_stream_readable.js:212:10)
    at Pipe.onStreamRead (internal/stream_base_commons.js:186:23)
	at Function.create (/snap/code/55/usr/share/code/resources/app/extensions/typescript-language-features/dist/extension.js:1:73508)
	at dispatchResponse (/snap/code/55/usr/share/code/resources/app/extensions/typescript-language-features/dist/extension.js:1:67383)
	at dispatchMessage (/snap/code/55/usr/share/code/resources/app/extensions/typescript-language-features/dist/extension.js:1:66242)
	at /snap/code/55/usr/share/code/resources/app/extensions/typescript-language-features/dist/extension.js:1:65752
	at v.fire (/snap/code/55/usr/share/code/resources/app/out/vs/workbench/services/extensions/node/extensionHostProcess.js:55:1836)
	at g.onLengthData (/snap/code/55/usr/share/code/resources/app/extensions/typescript-language-features/dist/extension.js:45:60030)
	at Socket.<anonymous> (/snap/code/55/usr/share/code/resources/app/extensions/typescript-language-features/dist/extension.js:45:59678)
	at Socket.emit (events.js:315:20)
	at addChunk (_stream_readable.js:295:12)
	at readableAddChunk (_stream_readable.js:271:9)
	at Socket.Readable.push (_stream_readable.js:212:10)
	at Pipe.onStreamRead (internal/stream_base_commons.js:186:23)
[2021-02-19 18:51:06.670] [exthost] [error] [vscode.typescript-language-features] provider FAILED
[2021-02-19 18:51:06.670] [exthost] [error] Error: <semantic> TypeScript Server Error (4.1.5)
Debug Failure. False expression.
Error: Debug Failure. False expression.
    at /snap/code/55/usr/share/code/resources/app/extensions/node_modules/typescript/lib/tsserver.js:128623:34
    at Object.forEach (/snap/code/55/usr/share/code/resources/app/extensions/node_modules/typescript/lib/tsserver.js:188:30)
    at getSymbolKindOfConstructorPropertyMethodAccessorFunctionOrVar (/snap/code/55/usr/share/code/resources/app/extensions/node_modules/typescript/lib/tsserver.js:128617:48)
    at Object.getSymbolKind (/snap/code/55/usr/share/code/resources/app/extensions/node_modules/typescript/lib/tsserver.js:128547:26)
    at createCompletionEntry (/snap/code/55/usr/share/code/resources/app/extensions/node_modules/typescript/lib/tsserver.js:118154:40)
    at getCompletionEntriesFromSymbols (/snap/code/55/usr/share/code/resources/app/extensions/node_modules/typescript/lib/tsserver.js:118201:29)
    at completionInfoFromData (/snap/code/55/usr/share/code/resources/app/extensions/node_modules/typescript/lib/tsserver.js:118025:35)
    at Object.getCompletionsAtPosition (/snap/code/55/usr/share/code/resources/app/extensions/node_modules/typescript/lib/tsserver.js:117983:28)
    at Proxy.getCompletionsAtPosition (/snap/code/55/usr/share/code/resources/app/extensions/node_modules/typescript/lib/tsserver.js:146720:35)
    at IOSession.Session.getCompletions (/snap/code/55/usr/share/code/resources/app/extensions/node_modules/typescript/lib/tsserver.js:157652:64)
    at Session.handlers.ts.Map.ts.getEntries._a.<computed> (/snap/code/55/usr/share/code/resources/app/extensions/node_modules/typescript/lib/tsserver.js:156536:61)
    at /snap/code/55/usr/share/code/resources/app/extensions/node_modules/typescript/lib/tsserver.js:158286:88
    at IOSession.Session.executeWithRequestId (/snap/code/55/usr/share/code/resources/app/extensions/node_modules/typescript/lib/tsserver.js:158277:28)
    at IOSession.Session.executeCommand (/snap/code/55/usr/share/code/resources/app/extensions/node_modules/typescript/lib/tsserver.js:158286:33)
    at IOSession.Session.onMessage (/snap/code/55/usr/share/code/resources/app/extensions/node_modules/typescript/lib/tsserver.js:158310:35)
    at Interface.<anonymous> (/snap/code/55/usr/share/code/resources/app/extensions/node_modules/typescript/lib/tsserver.js:160520:27)
    at Interface.emit (events.js:315:20)
    at Interface._onLine (readline.js:329:10)
    at Interface._normalWrite (readline.js:474:12)
    at Socket.ondata (readline.js:186:10)
    at Socket.emit (events.js:315:20)
    at addChunk (_stream_readable.js:295:12)
    at readableAddChunk (_stream_readable.js:271:9)
    at Socket.Readable.push (_stream_readable.js:212:10)
    at Pipe.onStreamRead (internal/stream_base_commons.js:186:23)
	at Function.create (/snap/code/55/usr/share/code/resources/app/extensions/typescript-language-features/dist/extension.js:1:73508)
	at dispatchResponse (/snap/code/55/usr/share/code/resources/app/extensions/typescript-language-features/dist/extension.js:1:67383)
	at dispatchMessage (/snap/code/55/usr/share/code/resources/app/extensions/typescript-language-features/dist/extension.js:1:66242)
	at /snap/code/55/usr/share/code/resources/app/extensions/typescript-language-features/dist/extension.js:1:65752
	at v.fire (/snap/code/55/usr/share/code/resources/app/out/vs/workbench/services/extensions/node/extensionHostProcess.js:55:1836)
	at g.onLengthData (/snap/code/55/usr/share/code/resources/app/extensions/typescript-language-features/dist/extension.js:45:60030)
	at Socket.<anonymous> (/snap/code/55/usr/share/code/resources/app/extensions/typescript-language-features/dist/extension.js:45:59678)
	at Socket.emit (events.js:315:20)
	at addChunk (_stream_readable.js:295:12)
	at readableAddChunk (_stream_readable.js:271:9)
	at Socket.Readable.push (_stream_readable.js:212:10)
	at Pipe.onStreamRead (internal/stream_base_commons.js:186:23)
[2021-02-19 18:52:22.755] [exthost] [error] [vscode.typescript-language-features] provider FAILED
[2021-02-19 18:52:22.755] [exthost] [error] Error: <semantic> TypeScript Server Error (4.1.5)
Debug Failure. False expression.
Error: Debug Failure. False expression.
    at /snap/code/55/usr/share/code/resources/app/extensions/node_modules/typescript/lib/tsserver.js:128623:34
    at Object.forEach (/snap/code/55/usr/share/code/resources/app/extensions/node_modules/typescript/lib/tsserver.js:188:30)
    at getSymbolKindOfConstructorPropertyMethodAccessorFunctionOrVar (/snap/code/55/usr/share/code/resources/app/extensions/node_modules/typescript/lib/tsserver.js:128617:48)
    at Object.getSymbolKind (/snap/code/55/usr/share/code/resources/app/extensions/node_modules/typescript/lib/tsserver.js:128547:26)
    at createCompletionEntry (/snap/code/55/usr/share/code/resources/app/extensions/node_modules/typescript/lib/tsserver.js:118154:40)
    at getCompletionEntriesFromSymbols (/snap/code/55/usr/share/code/resources/app/extensions/node_modules/typescript/lib/tsserver.js:118201:29)
    at completionInfoFromData (/snap/code/55/usr/share/code/resources/app/extensions/node_modules/typescript/lib/tsserver.js:118025:35)
    at Object.getCompletionsAtPosition (/snap/code/55/usr/share/code/resources/app/extensions/node_modules/typescript/lib/tsserver.js:117983:28)
    at Proxy.getCompletionsAtPosition (/snap/code/55/usr/share/code/resources/app/extensions/node_modules/typescript/lib/tsserver.js:146720:35)
    at IOSession.Session.getCompletions (/snap/code/55/usr/share/code/resources/app/extensions/node_modules/typescript/lib/tsserver.js:157652:64)
    at Session.handlers.ts.Map.ts.getEntries._a.<computed> (/snap/code/55/usr/share/code/resources/app/extensions/node_modules/typescript/lib/tsserver.js:156536:61)
    at /snap/code/55/usr/share/code/resources/app/extensions/node_modules/typescript/lib/tsserver.js:158286:88
    at IOSession.Session.executeWithRequestId (/snap/code/55/usr/share/code/resources/app/extensions/node_modules/typescript/lib/tsserver.js:158277:28)
    at IOSession.Session.executeCommand (/snap/code/55/usr/share/code/resources/app/extensions/node_modules/typescript/lib/tsserver.js:158286:33)
    at IOSession.Session.onMessage (/snap/code/55/usr/share/code/resources/app/extensions/node_modules/typescript/lib/tsserver.js:158310:35)
    at Interface.<anonymous> (/snap/code/55/usr/share/code/resources/app/extensions/node_modules/typescript/lib/tsserver.js:160520:27)
    at Interface.emit (events.js:315:20)
    at Interface._onLine (readline.js:329:10)
    at Interface._normalWrite (readline.js:474:12)
    at Socket.ondata (readline.js:186:10)
    at Socket.emit (events.js:315:20)
    at addChunk (_stream_readable.js:295:12)
    at readableAddChunk (_stream_readable.js:271:9)
    at Socket.Readable.push (_stream_readable.js:212:10)
    at Pipe.onStreamRead (internal/stream_base_commons.js:186:23)
	at Function.create (/snap/code/55/usr/share/code/resources/app/extensions/typescript-language-features/dist/extension.js:1:73508)
	at dispatchResponse (/snap/code/55/usr/share/code/resources/app/extensions/typescript-language-features/dist/extension.js:1:67383)
	at dispatchMessage (/snap/code/55/usr/share/code/resources/app/extensions/typescript-language-features/dist/extension.js:1:66242)
	at /snap/code/55/usr/share/code/resources/app/extensions/typescript-language-features/dist/extension.js:1:65752
	at v.fire (/snap/code/55/usr/share/code/resources/app/out/vs/workbench/services/extensions/node/extensionHostProcess.js:55:1836)
	at g.onLengthData (/snap/code/55/usr/share/code/resources/app/extensions/typescript-language-features/dist/extension.js:45:60030)
	at Socket.<anonymous> (/snap/code/55/usr/share/code/resources/app/extensions/typescript-language-features/dist/extension.js:45:59678)
	at Socket.emit (events.js:315:20)
	at addChunk (_stream_readable.js:295:12)
	at readableAddChunk (_stream_readable.js:271:9)
	at Socket.Readable.push (_stream_readable.js:212:10)
	at Pipe.onStreamRead (internal/stream_base_commons.js:186:23)
[2021-02-19 18:56:35.852] [exthost] [error] [vscode.typescript-language-features] provider FAILED
[2021-02-19 18:56:35.852] [exthost] [error] Error: <semantic> TypeScript Server Error (4.1.5)
Debug Failure. False expression.
Error: Debug Failure. False expression.
    at /snap/code/55/usr/share/code/resources/app/extensions/node_modules/typescript/lib/tsserver.js:128623:34
    at Object.forEach (/snap/code/55/usr/share/code/resources/app/extensions/node_modules/typescript/lib/tsserver.js:188:30)
    at getSymbolKindOfConstructorPropertyMethodAccessorFunctionOrVar (/snap/code/55/usr/share/code/resources/app/extensions/node_modules/typescript/lib/tsserver.js:128617:48)
    at Object.getSymbolKind (/snap/code/55/usr/share/code/resources/app/extensions/node_modules/typescript/lib/tsserver.js:128547:26)
    at createCompletionEntry (/snap/code/55/usr/share/code/resources/app/extensions/node_modules/typescript/lib/tsserver.js:118154:40)
    at getCompletionEntriesFromSymbols (/snap/code/55/usr/share/code/resources/app/extensions/node_modules/typescript/lib/tsserver.js:118201:29)
    at completionInfoFromData (/snap/code/55/usr/share/code/resources/app/extensions/node_modules/typescript/lib/tsserver.js:118025:35)
    at Object.getCompletionsAtPosition (/snap/code/55/usr/share/code/resources/app/extensions/node_modules/typescript/lib/tsserver.js:117983:28)
    at Proxy.getCompletionsAtPosition (/snap/code/55/usr/share/code/resources/app/extensions/node_modules/typescript/lib/tsserver.js:146720:35)
    at IOSession.Session.getCompletions (/snap/code/55/usr/share/code/resources/app/extensions/node_modules/typescript/lib/tsserver.js:157652:64)
    at Session.handlers.ts.Map.ts.getEntries._a.<computed> (/snap/code/55/usr/share/code/resources/app/extensions/node_modules/typescript/lib/tsserver.js:156536:61)
    at /snap/code/55/usr/share/code/resources/app/extensions/node_modules/typescript/lib/tsserver.js:158286:88
    at IOSession.Session.executeWithRequestId (/snap/code/55/usr/share/code/resources/app/extensions/node_modules/typescript/lib/tsserver.js:158277:28)
    at IOSession.Session.executeCommand (/snap/code/55/usr/share/code/resources/app/extensions/node_modules/typescript/lib/tsserver.js:158286:33)
    at IOSession.Session.onMessage (/snap/code/55/usr/share/code/resources/app/extensions/node_modules/typescript/lib/tsserver.js:158310:35)
    at Interface.<anonymous> (/snap/code/55/usr/share/code/resources/app/extensions/node_modules/typescript/lib/tsserver.js:160520:27)
    at Interface.emit (events.js:315:20)
    at Interface._onLine (readline.js:329:10)
    at Interface._normalWrite (readline.js:474:12)
    at Socket.ondata (readline.js:186:10)
    at Socket.emit (events.js:315:20)
    at addChunk (_stream_readable.js:295:12)
    at readableAddChunk (_stream_readable.js:271:9)
    at Socket.Readable.push (_stream_readable.js:212:10)
    at Pipe.onStreamRead (internal/stream_base_commons.js:186:23)
	at Function.create (/snap/code/55/usr/share/code/resources/app/extensions/typescript-language-features/dist/extension.js:1:73508)
	at dispatchResponse (/snap/code/55/usr/share/code/resources/app/extensions/typescript-language-features/dist/extension.js:1:67383)
	at dispatchMessage (/snap/code/55/usr/share/code/resources/app/extensions/typescript-language-features/dist/extension.js:1:66242)
	at /snap/code/55/usr/share/code/resources/app/extensions/typescript-language-features/dist/extension.js:1:65752
	at v.fire (/snap/code/55/usr/share/code/resources/app/out/vs/workbench/services/extensions/node/extensionHostProcess.js:55:1836)
	at g.onLengthData (/snap/code/55/usr/share/code/resources/app/extensions/typescript-language-features/dist/extension.js:45:60030)
	at Socket.<anonymous> (/snap/code/55/usr/share/code/resources/app/extensions/typescript-language-features/dist/extension.js:45:59678)
	at Socket.emit (events.js:315:20)
	at addChunk (_stream_readable.js:295:12)
	at readableAddChunk (_stream_readable.js:271:9)
	at Socket.Readable.push (_stream_readable.js:212:10)
	at Pipe.onStreamRead (internal/stream_base_commons.js:186:23)
[2021-02-19 19:01:02.711] [exthost] [error] [vscode.typescript-language-features] provider FAILED
[2021-02-19 19:01:02.711] [exthost] [error] Error: <semantic> TypeScript Server Error (4.1.5)
Debug Failure. False expression.
Error: Debug Failure. False expression.
    at /snap/code/55/usr/share/code/resources/app/extensions/node_modules/typescript/lib/tsserver.js:128623:34
    at Object.forEach (/snap/code/55/usr/share/code/resources/app/extensions/node_modules/typescript/lib/tsserver.js:188:30)
    at getSymbolKindOfConstructorPropertyMethodAccessorFunctionOrVar (/snap/code/55/usr/share/code/resources/app/extensions/node_modules/typescript/lib/tsserver.js:128617:48)
    at Object.getSymbolKind (/snap/code/55/usr/share/code/resources/app/extensions/node_modules/typescript/lib/tsserver.js:128547:26)
    at createCompletionEntry (/snap/code/55/usr/share/code/resources/app/extensions/node_modules/typescript/lib/tsserver.js:118154:40)
    at getCompletionEntriesFromSymbols (/snap/code/55/usr/share/code/resources/app/extensions/node_modules/typescript/lib/tsserver.js:118201:29)
    at completionInfoFromData (/snap/code/55/usr/share/code/resources/app/extensions/node_modules/typescript/lib/tsserver.js:118025:35)
    at Object.getCompletionsAtPosition (/snap/code/55/usr/share/code/resources/app/extensions/node_modules/typescript/lib/tsserver.js:117983:28)
    at Proxy.getCompletionsAtPosition (/snap/code/55/usr/share/code/resources/app/extensions/node_modules/typescript/lib/tsserver.js:146720:35)
    at IOSession.Session.getCompletions (/snap/code/55/usr/share/code/resources/app/extensions/node_modules/typescript/lib/tsserver.js:157652:64)
    at Session.handlers.ts.Map.ts.getEntries._a.<computed> (/snap/code/55/usr/share/code/resources/app/extensions/node_modules/typescript/lib/tsserver.js:156536:61)
    at /snap/code/55/usr/share/code/resources/app/extensions/node_modules/typescript/lib/tsserver.js:158286:88
    at IOSession.Session.executeWithRequestId (/snap/code/55/usr/share/code/resources/app/extensions/node_modules/typescript/lib/tsserver.js:158277:28)
    at IOSession.Session.executeCommand (/snap/code/55/usr/share/code/resources/app/extensions/node_modules/typescript/lib/tsserver.js:158286:33)
    at IOSession.Session.onMessage (/snap/code/55/usr/share/code/resources/app/extensions/node_modules/typescript/lib/tsserver.js:158310:35)
    at Interface.<anonymous> (/snap/code/55/usr/share/code/resources/app/extensions/node_modules/typescript/lib/tsserver.js:160520:27)
    at Interface.emit (events.js:315:20)
    at Interface._onLine (readline.js:329:10)
    at Interface._normalWrite (readline.js:474:12)
    at Socket.ondata (readline.js:186:10)
    at Socket.emit (events.js:315:20)
    at addChunk (_stream_readable.js:295:12)
    at readableAddChunk (_stream_readable.js:271:9)
    at Socket.Readable.push (_stream_readable.js:212:10)
    at Pipe.onStreamRead (internal/stream_base_commons.js:186:23)
	at Function.create (/snap/code/55/usr/share/code/resources/app/extensions/typescript-language-features/dist/extension.js:1:73508)
	at dispatchResponse (/snap/code/55/usr/share/code/resources/app/extensions/typescript-language-features/dist/extension.js:1:67383)
	at dispatchMessage (/snap/code/55/usr/share/code/resources/app/extensions/typescript-language-features/dist/extension.js:1:66242)
	at /snap/code/55/usr/share/code/resources/app/extensions/typescript-language-features/dist/extension.js:1:65752
	at v.fire (/snap/code/55/usr/share/code/resources/app/out/vs/workbench/services/extensions/node/extensionHostProcess.js:55:1836)
	at g.onLengthData (/snap/code/55/usr/share/code/resources/app/extensions/typescript-language-features/dist/extension.js:45:60030)
	at Socket.<anonymous> (/snap/code/55/usr/share/code/resources/app/extensions/typescript-language-features/dist/extension.js:45:59678)
	at Socket.emit (events.js:315:20)
	at addChunk (_stream_readable.js:295:12)
	at readableAddChunk (_stream_readable.js:271:9)
	at Socket.Readable.push (_stream_readable.js:212:10)
	at Pipe.onStreamRead (internal/stream_base_commons.js:186:23)
[2021-02-19 19:07:58.765] [exthost] [error] [vscode.typescript-language-features] provider FAILED
[2021-02-19 19:07:58.765] [exthost] [error] Error: <semantic> TypeScript Server Error (4.1.5)
Debug Failure. False expression.
Error: Debug Failure. False expression.
    at /snap/code/55/usr/share/code/resources/app/extensions/node_modules/typescript/lib/tsserver.js:128623:34
    at Object.forEach (/snap/code/55/usr/share/code/resources/app/extensions/node_modules/typescript/lib/tsserver.js:188:30)
    at getSymbolKindOfConstructorPropertyMethodAccessorFunctionOrVar (/snap/code/55/usr/share/code/resources/app/extensions/node_modules/typescript/lib/tsserver.js:128617:48)
    at Object.getSymbolKind (/snap/code/55/usr/share/code/resources/app/extensions/node_modules/typescript/lib/tsserver.js:128547:26)
    at createCompletionEntry (/snap/code/55/usr/share/code/resources/app/extensions/node_modules/typescript/lib/tsserver.js:118154:40)
    at getCompletionEntriesFromSymbols (/snap/code/55/usr/share/code/resources/app/extensions/node_modules/typescript/lib/tsserver.js:118201:29)
    at completionInfoFromData (/snap/code/55/usr/share/code/resources/app/extensions/node_modules/typescript/lib/tsserver.js:118025:35)
    at Object.getCompletionsAtPosition (/snap/code/55/usr/share/code/resources/app/extensions/node_modules/typescript/lib/tsserver.js:117983:28)
    at Proxy.getCompletionsAtPosition (/snap/code/55/usr/share/code/resources/app/extensions/node_modules/typescript/lib/tsserver.js:146720:35)
    at IOSession.Session.getCompletions (/snap/code/55/usr/share/code/resources/app/extensions/node_modules/typescript/lib/tsserver.js:157652:64)
    at Session.handlers.ts.Map.ts.getEntries._a.<computed> (/snap/code/55/usr/share/code/resources/app/extensions/node_modules/typescript/lib/tsserver.js:156536:61)
    at /snap/code/55/usr/share/code/resources/app/extensions/node_modules/typescript/lib/tsserver.js:158286:88
    at IOSession.Session.executeWithRequestId (/snap/code/55/usr/share/code/resources/app/extensions/node_modules/typescript/lib/tsserver.js:158277:28)
    at IOSession.Session.executeCommand (/snap/code/55/usr/share/code/resources/app/extensions/node_modules/typescript/lib/tsserver.js:158286:33)
    at IOSession.Session.onMessage (/snap/code/55/usr/share/code/resources/app/extensions/node_modules/typescript/lib/tsserver.js:158310:35)
    at Interface.<anonymous> (/snap/code/55/usr/share/code/resources/app/extensions/node_modules/typescript/lib/tsserver.js:160520:27)
    at Interface.emit (events.js:315:20)
    at Interface._onLine (readline.js:329:10)
    at Interface._normalWrite (readline.js:474:12)
    at Socket.ondata (readline.js:186:10)
    at Socket.emit (events.js:315:20)
    at addChunk (_stream_readable.js:295:12)
    at readableAddChunk (_stream_readable.js:271:9)
    at Socket.Readable.push (_stream_readable.js:212:10)
    at Pipe.onStreamRead (internal/stream_base_commons.js:186:23)
	at Function.create (/snap/code/55/usr/share/code/resources/app/extensions/typescript-language-features/dist/extension.js:1:73508)
	at dispatchResponse (/snap/code/55/usr/share/code/resources/app/extensions/typescript-language-features/dist/extension.js:1:67383)
	at dispatchMessage (/snap/code/55/usr/share/code/resources/app/extensions/typescript-language-features/dist/extension.js:1:66242)
	at /snap/code/55/usr/share/code/resources/app/extensions/typescript-language-features/dist/extension.js:1:65752
	at v.fire (/snap/code/55/usr/share/code/resources/app/out/vs/workbench/services/extensions/node/extensionHostProcess.js:55:1836)
	at g.onLengthData (/snap/code/55/usr/share/code/resources/app/extensions/typescript-language-features/dist/extension.js:45:60030)
	at Socket.<anonymous> (/snap/code/55/usr/share/code/resources/app/extensions/typescript-language-features/dist/extension.js:45:59678)
	at Socket.emit (events.js:315:20)
	at addChunk (_stream_readable.js:295:12)
	at readableAddChunk (_stream_readable.js:271:9)
	at Socket.Readable.push (_stream_readable.js:212:10)
	at Pipe.onStreamRead (internal/stream_base_commons.js:186:23)
[2021-02-19 19:08:26.866] [exthost] [error] [vscode.typescript-language-features] provider FAILED
[2021-02-19 19:08:26.867] [exthost] [error] Error: <semantic> TypeScript Server Error (4.1.5)
Debug Failure. False expression.
Error: Debug Failure. False expression.
    at /snap/code/55/usr/share/code/resources/app/extensions/node_modules/typescript/lib/tsserver.js:128623:34
    at Object.forEach (/snap/code/55/usr/share/code/resources/app/extensions/node_modules/typescript/lib/tsserver.js:188:30)
    at getSymbolKindOfConstructorPropertyMethodAccessorFunctionOrVar (/snap/code/55/usr/share/code/resources/app/extensions/node_modules/typescript/lib/tsserver.js:128617:48)
    at Object.getSymbolKind (/snap/code/55/usr/share/code/resources/app/extensions/node_modules/typescript/lib/tsserver.js:128547:26)
    at createCompletionEntry (/snap/code/55/usr/share/code/resources/app/extensions/node_modules/typescript/lib/tsserver.js:118154:40)
    at getCompletionEntriesFromSymbols (/snap/code/55/usr/share/code/resources/app/extensions/node_modules/typescript/lib/tsserver.js:118201:29)
    at completionInfoFromData (/snap/code/55/usr/share/code/resources/app/extensions/node_modules/typescript/lib/tsserver.js:118025:35)
    at Object.getCompletionsAtPosition (/snap/code/55/usr/share/code/resources/app/extensions/node_modules/typescript/lib/tsserver.js:117983:28)
    at Proxy.getCompletionsAtPosition (/snap/code/55/usr/share/code/resources/app/extensions/node_modules/typescript/lib/tsserver.js:146720:35)
    at IOSession.Session.getCompletions (/snap/code/55/usr/share/code/resources/app/extensions/node_modules/typescript/lib/tsserver.js:157652:64)
    at Session.handlers.ts.Map.ts.getEntries._a.<computed> (/snap/code/55/usr/share/code/resources/app/extensions/node_modules/typescript/lib/tsserver.js:156536:61)
    at /snap/code/55/usr/share/code/resources/app/extensions/node_modules/typescript/lib/tsserver.js:158286:88
    at IOSession.Session.executeWithRequestId (/snap/code/55/usr/share/code/resources/app/extensions/node_modules/typescript/lib/tsserver.js:158277:28)
    at IOSession.Session.executeCommand (/snap/code/55/usr/share/code/resources/app/extensions/node_modules/typescript/lib/tsserver.js:158286:33)
    at IOSession.Session.onMessage (/snap/code/55/usr/share/code/resources/app/extensions/node_modules/typescript/lib/tsserver.js:158310:35)
    at Interface.<anonymous> (/snap/code/55/usr/share/code/resources/app/extensions/node_modules/typescript/lib/tsserver.js:160520:27)
    at Interface.emit (events.js:315:20)
    at Interface._onLine (readline.js:329:10)
    at Interface._normalWrite (readline.js:474:12)
    at Socket.ondata (readline.js:186:10)
    at Socket.emit (events.js:315:20)
    at addChunk (_stream_readable.js:295:12)
    at readableAddChunk (_stream_readable.js:271:9)
    at Socket.Readable.push (_stream_readable.js:212:10)
    at Pipe.onStreamRead (internal/stream_base_commons.js:186:23)
	at Function.create (/snap/code/55/usr/share/code/resources/app/extensions/typescript-language-features/dist/extension.js:1:73508)
	at dispatchResponse (/snap/code/55/usr/share/code/resources/app/extensions/typescript-language-features/dist/extension.js:1:67383)
	at dispatchMessage (/snap/code/55/usr/share/code/resources/app/extensions/typescript-language-features/dist/extension.js:1:66242)
	at /snap/code/55/usr/share/code/resources/app/extensions/typescript-language-features/dist/extension.js:1:65752
	at v.fire (/snap/code/55/usr/share/code/resources/app/out/vs/workbench/services/extensions/node/extensionHostProcess.js:55:1836)
	at g.onLengthData (/snap/code/55/usr/share/code/resources/app/extensions/typescript-language-features/dist/extension.js:45:60030)
	at Socket.<anonymous> (/snap/code/55/usr/share/code/resources/app/extensions/typescript-language-features/dist/extension.js:45:59678)
	at Socket.emit (events.js:315:20)
	at addChunk (_stream_readable.js:295:12)
	at readableAddChunk (_stream_readable.js:271:9)
	at Socket.Readable.push (_stream_readable.js:212:10)
	at Pipe.onStreamRead (internal/stream_base_commons.js:186:23)
[2021-02-19 19:10:45.735] [exthost] [error] [vscode.typescript-language-features] provider FAILED
[2021-02-19 19:10:45.736] [exthost] [error] Error: <semantic> TypeScript Server Error (4.1.5)
Debug Failure. False expression.
Error: Debug Failure. False expression.
    at /snap/code/55/usr/share/code/resources/app/extensions/node_modules/typescript/lib/tsserver.js:128623:34
    at Object.forEach (/snap/code/55/usr/share/code/resources/app/extensions/node_modules/typescript/lib/tsserver.js:188:30)
    at getSymbolKindOfConstructorPropertyMethodAccessorFunctionOrVar (/snap/code/55/usr/share/code/resources/app/extensions/node_modules/typescript/lib/tsserver.js:128617:48)
    at Object.getSymbolKind (/snap/code/55/usr/share/code/resources/app/extensions/node_modules/typescript/lib/tsserver.js:128547:26)
    at createCompletionEntry (/snap/code/55/usr/share/code/resources/app/extensions/node_modules/typescript/lib/tsserver.js:118154:40)
    at getCompletionEntriesFromSymbols (/snap/code/55/usr/share/code/resources/app/extensions/node_modules/typescript/lib/tsserver.js:118201:29)
    at completionInfoFromData (/snap/code/55/usr/share/code/resources/app/extensions/node_modules/typescript/lib/tsserver.js:118025:35)
    at Object.getCompletionsAtPosition (/snap/code/55/usr/share/code/resources/app/extensions/node_modules/typescript/lib/tsserver.js:117983:28)
    at Proxy.getCompletionsAtPosition (/snap/code/55/usr/share/code/resources/app/extensions/node_modules/typescript/lib/tsserver.js:146720:35)
    at IOSession.Session.getCompletions (/snap/code/55/usr/share/code/resources/app/extensions/node_modules/typescript/lib/tsserver.js:157652:64)
    at Session.handlers.ts.Map.ts.getEntries._a.<computed> (/snap/code/55/usr/share/code/resources/app/extensions/node_modules/typescript/lib/tsserver.js:156536:61)
    at /snap/code/55/usr/share/code/resources/app/extensions/node_modules/typescript/lib/tsserver.js:158286:88
    at IOSession.Session.executeWithRequestId (/snap/code/55/usr/share/code/resources/app/extensions/node_modules/typescript/lib/tsserver.js:158277:28)
    at IOSession.Session.executeCommand (/snap/code/55/usr/share/code/resources/app/extensions/node_modules/typescript/lib/tsserver.js:158286:33)
    at IOSession.Session.onMessage (/snap/code/55/usr/share/code/resources/app/extensions/node_modules/typescript/lib/tsserver.js:158310:35)
    at Interface.<anonymous> (/snap/code/55/usr/share/code/resources/app/extensions/node_modules/typescript/lib/tsserver.js:160520:27)
    at Interface.emit (events.js:315:20)
    at Interface._onLine (readline.js:329:10)
    at Interface._normalWrite (readline.js:474:12)
    at Socket.ondata (readline.js:186:10)
    at Socket.emit (events.js:315:20)
    at addChunk (_stream_readable.js:295:12)
    at readableAddChunk (_stream_readable.js:271:9)
    at Socket.Readable.push (_stream_readable.js:212:10)
    at Pipe.onStreamRead (internal/stream_base_commons.js:186:23)
	at Function.create (/snap/code/55/usr/share/code/resources/app/extensions/typescript-language-features/dist/extension.js:1:73508)
	at dispatchResponse (/snap/code/55/usr/share/code/resources/app/extensions/typescript-language-features/dist/extension.js:1:67383)
	at dispatchMessage (/snap/code/55/usr/share/code/resources/app/extensions/typescript-language-features/dist/extension.js:1:66242)
	at /snap/code/55/usr/share/code/resources/app/extensions/typescript-language-features/dist/extension.js:1:65752
	at v.fire (/snap/code/55/usr/share/code/resources/app/out/vs/workbench/services/extensions/node/extensionHostProcess.js:55:1836)
	at g.onLengthData (/snap/code/55/usr/share/code/resources/app/extensions/typescript-language-features/dist/extension.js:45:60030)
	at Socket.<anonymous> (/snap/code/55/usr/share/code/resources/app/extensions/typescript-language-features/dist/extension.js:45:59678)
	at Socket.emit (events.js:315:20)
	at addChunk (_stream_readable.js:295:12)
	at readableAddChunk (_stream_readable.js:271:9)
	at Socket.Readable.push (_stream_readable.js:212:10)
	at Pipe.onStreamRead (internal/stream_base_commons.js:186:23)
[2021-02-19 19:40:08.311] [exthost] [info] extension host terminating: received terminate message from renderer
[2021-02-19 19:40:09.990] [exthost] [info] exiting with code 0
